[ERROR] Invalid JSON in file: /var/folders/_q/ldhs2w893j978t6pmrnsh3740000gn/T/tmp5w4ponqk/dummy.json. Expecting value: line 1 column 1 (char 0)
[ERROR] Invalid JSON in file: /var/folders/_q/ldhs2w893j978t6pmrnsh3740000gn/T/tmp8mptr5sr/test.json. Expecting property name enclosed in double quotes: line 1 column 3 (char 2)
