test_from_dict_valid (test_persistence_model.TestBaseModel.test_from_dict_valid) ... ok
test_invalid_id (test_persistence_model.TestBaseModel.test_invalid_id) ... ok
test_to_dict (test_persistence_model.TestBaseModel.test_to_dict) ... ok
test_validation_error (test_persistence_model.TestBaseModel.test_validation_error) ... ok
test_create_and_get (test_persistence_repository.TestRepository.test_create_and_get) ... ok
test_delete (test_persistence_repository.TestRepository.test_delete) ... ok
test_delete_non_existing (test_persistence_repository.TestRepository.test_delete_non_existing) ... ok
test_duplicate_id (test_persistence_repository.TestRepository.test_duplicate_id) ... ok
test_get_all (test_persistence_repository.TestRepository.test_get_all) ... ok
test_invalid_data_in_file (test_persistence_repository.TestRepository.test_invalid_data_in_file) ... ok
test_update (test_persistence_repository.TestRepository.test_update) ... ok
test_update_non_existing (test_persistence_repository.TestRepository.test_update_non_existing) ... ok
test_validation_on_create (test_persistence_repository.TestRepository.test_validation_on_create) ... ok
test_file_not_exists (test_persistence_storage.TestJSONStorage.test_file_not_exists) ... ok
test_invalid_json_handled (test_persistence_storage.TestJSONStorage.test_invalid_json_handled) ... ok
test_overwrite_data (test_persistence_storage.TestJSONStorage.test_overwrite_data) ... ok
test_read_empty_file (test_persistence_storage.TestJSONStorage.test_read_empty_file) ... ok
test_write_and_read (test_persistence_storage.TestJSONStorage.test_write_and_read) ... ok
test_reservation_service (unittest.loader._FailedTest.test_reservation_service) ... ERROR

======================================================================
ERROR: test_reservation_service (unittest.loader._FailedTest.test_reservation_service)
----------------------------------------------------------------------
ImportError: Failed to import test module: test_reservation_service
Traceback (most recent call last):
  File "/Users/me/.pyenv/versions/3.13.0/lib/python3.13/unittest/loader.py", line 396, in _find_test_path
    module = self._get_module_from_name(name)
  File "/Users/me/.pyenv/versions/3.13.0/lib/python3.13/unittest/loader.py", line 339, in _get_module_from_name
    __import__(name)
    ~~~~~~~~~~^^^^^^
  File "/Users/me/Public/MNA/Pruebas de software y aseguramiento de la calidad/4.2 Ejercicio de programación 1/repositories/MNA_PSAC/6.2/tests/test_reservation_service.py", line 5, in <module>
    from reservation import Customer, Hotel, ReservationService
  File "/Users/me/Public/MNA/Pruebas de software y aseguramiento de la calidad/4.2 Ejercicio de programación 1/repositories/MNA_PSAC/6.2/src/reservation/__init__.py", line 10, in <module>
    from .service import ReservationService
  File "/Users/me/Public/MNA/Pruebas de software y aseguramiento de la calidad/4.2 Ejercicio de programación 1/repositories/MNA_PSAC/6.2/src/reservation/service.py", line 17
    from __future__ import annotations
    ^^^^^^^^^^^^^^^^^^^^^^^^^^^^^^^^^^
SyntaxError: from __future__ imports must occur at the beginning of the file


----------------------------------------------------------------------
Ran 19 tests in 0.008s

FAILED (errors=1)
