test_from_dict_valid (test_persistence_model.TestBaseModel.test_from_dict_valid) ... ok
test_invalid_id (test_persistence_model.TestBaseModel.test_invalid_id) ... ok
test_to_dict (test_persistence_model.TestBaseModel.test_to_dict) ... ok
test_validation_error (test_persistence_model.TestBaseModel.test_validation_error) ... ok
test_create_and_get (test_persistence_repository.TestRepository.test_create_and_get) ... ok
test_delete (test_persistence_repository.TestRepository.test_delete) ... ok
test_delete_non_existing (test_persistence_repository.TestRepository.test_delete_non_existing) ... ok
test_duplicate_id (test_persistence_repository.TestRepository.test_duplicate_id) ... ok
test_get_all (test_persistence_repository.TestRepository.test_get_all) ... ok
test_invalid_data_in_file (test_persistence_repository.TestRepository.test_invalid_data_in_file) ... ok
test_update (test_persistence_repository.TestRepository.test_update) ... ok
test_update_non_existing (test_persistence_repository.TestRepository.test_update_non_existing) ... ok
test_validation_on_create (test_persistence_repository.TestRepository.test_validation_on_create) ... ok
test_file_not_exists (test_persistence_storage.TestJSONStorage.test_file_not_exists) ... ok
test_invalid_json_handled (test_persistence_storage.TestJSONStorage.test_invalid_json_handled) ... ok
test_overwrite_data (test_persistence_storage.TestJSONStorage.test_overwrite_data) ... ok
test_read_empty_file (test_persistence_storage.TestJSONStorage.test_read_empty_file) ... ok
test_write_and_read (test_persistence_storage.TestJSONStorage.test_write_and_read) ... ok
test_cancel_non_existing_reservation (test_reservation_service.TestReservationService.test_cancel_non_existing_reservation) ... ok
test_cancel_reservation_restores_rooms (test_reservation_service.TestReservationService.test_cancel_reservation_restores_rooms) ... FAIL
test_create_and_display_customer (test_reservation_service.TestReservationService.test_create_and_display_customer) ... FAIL
test_create_and_display_hotel (test_reservation_service.TestReservationService.test_create_and_display_hotel) ... FAIL
test_create_reservation_decrements_rooms (test_reservation_service.TestReservationService.test_create_reservation_decrements_rooms) ... FAIL
test_create_reservation_missing_customer (test_reservation_service.TestReservationService.test_create_reservation_missing_customer) ... FAIL
test_create_reservation_missing_hotel (test_reservation_service.TestReservationService.test_create_reservation_missing_hotel) ... FAIL
test_create_reservation_not_enough_rooms (test_reservation_service.TestReservationService.test_create_reservation_not_enough_rooms) ... FAIL
test_delete_customer (test_reservation_service.TestReservationService.test_delete_customer) ... FAIL
test_delete_hotel (test_reservation_service.TestReservationService.test_delete_hotel) ... FAIL
test_invalid_json_files_do_not_crash (test_reservation_service.TestReservationService.test_invalid_json_files_do_not_crash) ... FAIL
test_update_customer (test_reservation_service.TestReservationService.test_update_customer) ... FAIL
test_update_hotel (test_reservation_service.TestReservationService.test_update_hotel) ... FAIL

======================================================================
FAIL: test_cancel_reservation_restores_rooms (test_reservation_service.TestReservationService.test_cancel_reservation_restores_rooms)
----------------------------------------------------------------------
Traceback (most recent call last):
  File "/Users/me/Public/MNA/Pruebas de software y aseguramiento de la calidad/4.2 Ejercicio de programación 1/repositories/MNA_PSAC/6.2/tests/test_reservation_service.py", line 23, in setUp
    self.assertTrue(
    ~~~~~~~~~~~~~~~^
        self.svc.create_hotel(
        ^^^^^^^^^^^^^^^^^^^^^^
    ...<7 lines>...
        )
        ^
    )
    ^
AssertionError: False is not true

======================================================================
FAIL: test_create_and_display_customer (test_reservation_service.TestReservationService.test_create_and_display_customer)
----------------------------------------------------------------------
Traceback (most recent call last):
  File "/Users/me/Public/MNA/Pruebas de software y aseguramiento de la calidad/4.2 Ejercicio de programación 1/repositories/MNA_PSAC/6.2/tests/test_reservation_service.py", line 23, in setUp
    self.assertTrue(
    ~~~~~~~~~~~~~~~^
        self.svc.create_hotel(
        ^^^^^^^^^^^^^^^^^^^^^^
    ...<7 lines>...
        )
        ^
    )
    ^
AssertionError: False is not true

======================================================================
FAIL: test_create_and_display_hotel (test_reservation_service.TestReservationService.test_create_and_display_hotel)
----------------------------------------------------------------------
Traceback (most recent call last):
  File "/Users/me/Public/MNA/Pruebas de software y aseguramiento de la calidad/4.2 Ejercicio de programación 1/repositories/MNA_PSAC/6.2/tests/test_reservation_service.py", line 23, in setUp
    self.assertTrue(
    ~~~~~~~~~~~~~~~^
        self.svc.create_hotel(
        ^^^^^^^^^^^^^^^^^^^^^^
    ...<7 lines>...
        )
        ^
    )
    ^
AssertionError: False is not true

======================================================================
FAIL: test_create_reservation_decrements_rooms (test_reservation_service.TestReservationService.test_create_reservation_decrements_rooms)
----------------------------------------------------------------------
Traceback (most recent call last):
  File "/Users/me/Public/MNA/Pruebas de software y aseguramiento de la calidad/4.2 Ejercicio de programación 1/repositories/MNA_PSAC/6.2/tests/test_reservation_service.py", line 23, in setUp
    self.assertTrue(
    ~~~~~~~~~~~~~~~^
        self.svc.create_hotel(
        ^^^^^^^^^^^^^^^^^^^^^^
    ...<7 lines>...
        )
        ^
    )
    ^
AssertionError: False is not true

======================================================================
FAIL: test_create_reservation_missing_customer (test_reservation_service.TestReservationService.test_create_reservation_missing_customer)
----------------------------------------------------------------------
Traceback (most recent call last):
  File "/Users/me/Public/MNA/Pruebas de software y aseguramiento de la calidad/4.2 Ejercicio de programación 1/repositories/MNA_PSAC/6.2/tests/test_reservation_service.py", line 23, in setUp
    self.assertTrue(
    ~~~~~~~~~~~~~~~^
        self.svc.create_hotel(
        ^^^^^^^^^^^^^^^^^^^^^^
    ...<7 lines>...
        )
        ^
    )
    ^
AssertionError: False is not true

======================================================================
FAIL: test_create_reservation_missing_hotel (test_reservation_service.TestReservationService.test_create_reservation_missing_hotel)
----------------------------------------------------------------------
Traceback (most recent call last):
  File "/Users/me/Public/MNA/Pruebas de software y aseguramiento de la calidad/4.2 Ejercicio de programación 1/repositories/MNA_PSAC/6.2/tests/test_reservation_service.py", line 23, in setUp
    self.assertTrue(
    ~~~~~~~~~~~~~~~^
        self.svc.create_hotel(
        ^^^^^^^^^^^^^^^^^^^^^^
    ...<7 lines>...
        )
        ^
    )
    ^
AssertionError: False is not true

======================================================================
FAIL: test_create_reservation_not_enough_rooms (test_reservation_service.TestReservationService.test_create_reservation_not_enough_rooms)
----------------------------------------------------------------------
Traceback (most recent call last):
  File "/Users/me/Public/MNA/Pruebas de software y aseguramiento de la calidad/4.2 Ejercicio de programación 1/repositories/MNA_PSAC/6.2/tests/test_reservation_service.py", line 23, in setUp
    self.assertTrue(
    ~~~~~~~~~~~~~~~^
        self.svc.create_hotel(
        ^^^^^^^^^^^^^^^^^^^^^^
    ...<7 lines>...
        )
        ^
    )
    ^
AssertionError: False is not true

======================================================================
FAIL: test_delete_customer (test_reservation_service.TestReservationService.test_delete_customer)
----------------------------------------------------------------------
Traceback (most recent call last):
  File "/Users/me/Public/MNA/Pruebas de software y aseguramiento de la calidad/4.2 Ejercicio de programación 1/repositories/MNA_PSAC/6.2/tests/test_reservation_service.py", line 23, in setUp
    self.assertTrue(
    ~~~~~~~~~~~~~~~^
        self.svc.create_hotel(
        ^^^^^^^^^^^^^^^^^^^^^^
    ...<7 lines>...
        )
        ^
    )
    ^
AssertionError: False is not true

======================================================================
FAIL: test_delete_hotel (test_reservation_service.TestReservationService.test_delete_hotel)
----------------------------------------------------------------------
Traceback (most recent call last):
  File "/Users/me/Public/MNA/Pruebas de software y aseguramiento de la calidad/4.2 Ejercicio de programación 1/repositories/MNA_PSAC/6.2/tests/test_reservation_service.py", line 23, in setUp
    self.assertTrue(
    ~~~~~~~~~~~~~~~^
        self.svc.create_hotel(
        ^^^^^^^^^^^^^^^^^^^^^^
    ...<7 lines>...
        )
        ^
    )
    ^
AssertionError: False is not true

======================================================================
FAIL: test_invalid_json_files_do_not_crash (test_reservation_service.TestReservationService.test_invalid_json_files_do_not_crash)
----------------------------------------------------------------------
Traceback (most recent call last):
  File "/Users/me/Public/MNA/Pruebas de software y aseguramiento de la calidad/4.2 Ejercicio de programación 1/repositories/MNA_PSAC/6.2/tests/test_reservation_service.py", line 23, in setUp
    self.assertTrue(
    ~~~~~~~~~~~~~~~^
        self.svc.create_hotel(
        ^^^^^^^^^^^^^^^^^^^^^^
    ...<7 lines>...
        )
        ^
    )
    ^
AssertionError: False is not true

======================================================================
FAIL: test_update_customer (test_reservation_service.TestReservationService.test_update_customer)
----------------------------------------------------------------------
Traceback (most recent call last):
  File "/Users/me/Public/MNA/Pruebas de software y aseguramiento de la calidad/4.2 Ejercicio de programación 1/repositories/MNA_PSAC/6.2/tests/test_reservation_service.py", line 23, in setUp
    self.assertTrue(
    ~~~~~~~~~~~~~~~^
        self.svc.create_hotel(
        ^^^^^^^^^^^^^^^^^^^^^^
    ...<7 lines>...
        )
        ^
    )
    ^
AssertionError: False is not true

======================================================================
FAIL: test_update_hotel (test_reservation_service.TestReservationService.test_update_hotel)
----------------------------------------------------------------------
Traceback (most recent call last):
  File "/Users/me/Public/MNA/Pruebas de software y aseguramiento de la calidad/4.2 Ejercicio de programación 1/repositories/MNA_PSAC/6.2/tests/test_reservation_service.py", line 23, in setUp
    self.assertTrue(
    ~~~~~~~~~~~~~~~^
        self.svc.create_hotel(
        ^^^^^^^^^^^^^^^^^^^^^^
    ...<7 lines>...
        )
        ^
    )
    ^
AssertionError: False is not true

----------------------------------------------------------------------
Ran 31 tests in 0.012s

FAILED (failures=12)
