============================= test session starts ==============================
platform darwin -- Python 3.13.0, pytest-9.0.2, pluggy-1.6.0 -- /Users/me/Public/MNA/Pruebas de software y aseguramiento de la calidad/4.2 Ejercicio de programación 1/repositories/MAN_A02234_Pruebas-de-software-y-aseguramiento-de-la-calidad_A/5.2/.venv/bin/python
cachedir: .pytest_cache
rootdir: /Users/me/Public/MNA/Pruebas de software y aseguramiento de la calidad/4.2 Ejercicio de programación 1/repositories/MAN_A02234_Pruebas-de-software-y-aseguramiento-de-la-calidad_A/5.2
collecting ... collected 1 item

tests/test_compute_sales.py::test_tc_totals_match_expected FAILED        [100%]

=================================== FAILURES ===================================
________________________ test_tc_totals_match_expected _________________________

    def test_tc_totals_match_expected():
        expected = _load_expected_totals("tests/expected/Results.txt")
    
        cases = [
            ("TC1", "tests/fixtures/valid/TC1/TC1.ProductList.json", "tests/fixtures/valid/TC1/TC1.Sales.json"),
            ("TC2", "tests/fixtures/valid/TC1/TC1.ProductList.json", "tests/fixtures/valid/TC2/TC2.Sales.json"),
            ("TC3", "tests/fixtures/valid/TC1/TC1.ProductList.json", "tests/fixtures/valid/TC3/TC3.Sales.json"),
        ]
    
        for tc_name, prices_path, sales_path in cases:
            prices = _load_json(prices_path)
            sales = _load_json(sales_path)
    
            result = compute_sales(prices, sales).strip()
>           assert result == expected[tc_name]
E           AssertionError: assert '0.00' == '2481.86'
E             
E             - 2481.86
E             + 0.00

tests/test_compute_sales.py:47: AssertionError
=========================== short test summary info ============================
FAILED tests/test_compute_sales.py::test_tc_totals_match_expected - AssertionError: assert '0.00' == '2481.86'
  
  - 2481.86
  + 0.00
============================== 1 failed in 0.02s ===============================
